#
# There is insufficient memory for the Java Runtime Environment to continue.
# Native memory allocation (malloc) failed to allocate 32744 bytes for ChunkPool::allocate
# Possible reasons:
#   The system is out of physical RAM or swap space
#   In 32 bit mode, the process size limit was hit
# Possible solutions:
#   Reduce memory load on the system
#   Increase physical memory or swap space
#   Check if swap backing store is full
#   Use 64 bit Java on a 64 bit OS
#   Decrease Java heap size (-Xmx/-Xms)
#   Decrease number of Java threads
#   Decrease Java thread stack sizes (-Xss)
#   Set larger code cache with -XX:ReservedCodeCacheSize=
# This output file may be truncated or incomplete.
#
#  Out of Memory Error (allocation.cpp:273), pid=7372, tid=328
#
# JRE version: Java(TM) SE Runtime Environment (8.0_45-b15) (build 1.8.0_45-b15)
# Java VM: Java HotSpot(TM) 64-Bit Server VM (25.45-b02 mixed mode windows-amd64 compressed oops)
# Failed to write core dump. Minidumps are not enabled by default on client versions of Windows
#

---------------  T H R E A D  ---------------

Current thread (0x0000000006033800):  JavaThread "C2 CompilerThread1" daemon [_thread_in_native, id=328, stack(0x0000000007690000,0x0000000007790000)]

Stack: [0x0000000007690000,0x0000000007790000]
[error occurred during error reporting (printing stack bounds), id 0xc0000005]

Native frames: (J=compiled Java code, j=interpreted, Vv=VM code, C=native code)
V  [jvm.dll+0x32b57a]


Current CompileTask:
C2:  15886 2506       4       com.android.dx.dex.cf.CfTranslator::translate0 (259 bytes)


---------------  P R O C E S S  ---------------

Java Threads: ( => current thread )
  0x00000000084b6800 JavaThread "pool-1-thread-4" [_thread_blocked, id=10648, stack(0x0000000009a60000,0x0000000009b60000)]
  0x00000000084b5800 JavaThread "pool-1-thread-3" [_thread_blocked, id=7112, stack(0x0000000009960000,0x0000000009a60000)]
  0x0000000007f35000 JavaThread "pool-1-thread-2" [_thread_blocked, id=10380, stack(0x0000000009860000,0x0000000009960000)]
  0x00000000083fd000 JavaThread "pool-2-thread-1" [_thread_blocked, id=7600, stack(0x0000000009760000,0x0000000009860000)]
  0x00000000080fc000 JavaThread "pool-1-thread-1" [_thread_blocked, id=6884, stack(0x0000000009660000,0x0000000009760000)]
  0x000000000608b800 JavaThread "Service Thread" daemon [_thread_blocked, id=8636, stack(0x0000000007c90000,0x0000000007d90000)]
  0x00000000077a0800 JavaThread "C1 CompilerThread2" daemon [_thread_blocked, id=1680, stack(0x0000000007b90000,0x0000000007c90000)]
=>0x0000000006033800 JavaThread "C2 CompilerThread1" daemon [_thread_in_native, id=328, stack(0x0000000007690000,0x0000000007790000)]
  0x000000000602e000 JavaThread "C2 CompilerThread0" daemon [_thread_in_native, id=9612, stack(0x0000000007590000,0x0000000007690000)]
  0x000000000602c800 JavaThread "Attach Listener" daemon [_thread_blocked, id=288, stack(0x0000000007490000,0x0000000007590000)]
  0x000000000602b000 JavaThread "Signal Dispatcher" daemon [_thread_blocked, id=9044, stack(0x0000000007390000,0x0000000007490000)]
  0x0000000002857800 JavaThread "Finalizer" daemon [_thread_blocked, id=5968, stack(0x0000000007290000,0x0000000007390000)]
  0x000000000284e800 JavaThread "Reference Handler" daemon [_thread_blocked, id=10584, stack(0x0000000007190000,0x0000000007290000)]
  0x000000000295e800 JavaThread "main" [_thread_blocked, id=10256, stack(0x00000000025a0000,0x00000000026a0000)]

Other Threads:
  0x0000000005ff8000 VMThread [stack: 0x0000000007090000,0x0000000007190000] [id=6324]
  0x000000000608d000 WatcherThread [stack: 0x0000000007d90000,0x0000000007e90000] [id=11068]

VM state:not at safepoint (normal execution)

VM Mutex/Monitor currently owned by a thread: None

Heap:
 PSYoungGen      total 292352K, used 145296K [0x00000000eab00000, 0x00000000ff600000, 0x0000000100000000)
  eden space 261120K, 44% used [0x00000000eab00000,0x00000000f1ceeca8,0x00000000faa00000)
  from space 31232K, 91% used [0x00000000fcd80000,0x00000000fe975418,0x00000000fec00000)
  to   space 36352K, 0% used [0x00000000faa00000,0x00000000faa00000,0x00000000fcd80000)
 ParOldGen       total 87552K, used 47899K [0x00000000c0000000, 0x00000000c5580000, 0x00000000eab00000)
  object space 87552K, 54% used [0x00000000c0000000,0x00000000c2ec6ec8,0x00000000c5580000)
 Metaspace       used 6502K, capacity 7256K, committed 7424K, reserved 1056768K
  class space    used 616K, capacity 656K, committed 768K, reserved 1048576K

Card table byte_map: [0x0000000002d20000,0x0000000002f30000] byte_map_base: 0x0000000002720000

Marking Bits: (ParMarkBitMap*) 0x0000000058cc4040
 Begin Bits: [0x0000000003490000, 0x0000000004490000)
 End Bits:   [0x0000000004490000, 0x0000000005490000)

Polling page: 0x0000000000ca0000

CodeCache: size=245760Kb used=11708Kb max_used=11718Kb free=234051Kb
 bounds [0x000000000f010000, 0x000000000fb90000, 0x000000001e010000]
 total_blobs=2620 nmethods=2350 adapters=182
 compilation: enabled

Compilation events (10 events):
Event: 15.773 Thread 0x0000000006033800 nmethod 2488 0x000000000fb7f650 code [0x000000000fb7f7e0, 0x000000000fb7ff58]
Event: 15.778 Thread 0x0000000006033800 2500       4       com.android.dx.rop.code.LocalVariableInfo::mergeStarts (75 bytes)
Event: 15.791 Thread 0x00000000077a0800 2504       3       com.android.dx.ssa.back.FirstFitLocalCombiningAllocator$1::processInsn (169 bytes)
Event: 15.793 Thread 0x00000000077a0800 nmethod 2504 0x000000000fb85ed0 code [0x000000000fb86280, 0x000000000fb887a8]
Event: 15.840 Thread 0x0000000006033800 nmethod 2500 0x000000000fb899d0 code [0x000000000fb89be0, 0x000000000fb8b170]
Event: 15.840 Thread 0x0000000006033800 2501       4       com.android.dx.cf.cst.ConstantPoolParser::parse (365 bytes)
Event: 15.850 Thread 0x0000000006033800 nmethod 2501 0x000000000fb62450 code [0x000000000fb626a0, 0x000000000fb62ce8]
Event: 15.850 Thread 0x0000000006033800 2502   !   4       com.android.dx.cf.cst.ConstantPoolParser::determineOffsets (285 bytes)
Event: 15.854 Thread 0x0000000006033800 nmethod 2502 0x000000000fb85510 code [0x000000000fb85740, 0x000000000fb85ab8]
Event: 15.854 Thread 0x0000000006033800 2506       4       com.android.dx.dex.cf.CfTranslator::translate0 (259 bytes)

GC Heap History (10 events):
Event: 2.757 GC heap before
{Heap before GC invocations=2 (full 0):
 PSYoungGen      total 38400K, used 37457K [0x00000000eab00000, 0x00000000ef600000, 0x0000000100000000)
  eden space 33280K, 100% used [0x00000000eab00000,0x00000000ecb80000,0x00000000ecb80000)
  from space 5120K, 81% used [0x00000000ecb80000,0x00000000ecf944d0,0x00000000ed080000)
  to   space 5120K, 0% used [0x00000000ef100000,0x00000000ef100000,0x00000000ef600000)
 ParOldGen       total 87552K, used 8K [0x00000000c0000000, 0x00000000c5580000, 0x00000000eab00000)
  object space 87552K, 0% used [0x00000000c0000000,0x00000000c0002000,0x00000000c5580000)
 Metaspace       used 6194K, capacity 7088K, committed 7296K, reserved 1056768K
  class space    used 594K, capacity 616K, committed 640K, reserved 1048576K
Event: 2.973 GC heap after
Heap after GC invocations=2 (full 0):
 PSYoungGen      total 71680K, used 5114K [0x00000000eab00000, 0x00000000ef600000, 0x0000000100000000)
  eden space 66560K, 0% used [0x00000000eab00000,0x00000000eab00000,0x00000000eec00000)
  from space 5120K, 99% used [0x00000000ef100000,0x00000000ef5feac8,0x00000000ef600000)
  to   space 5120K, 0% used [0x00000000eec00000,0x00000000eec00000,0x00000000ef100000)
 ParOldGen       total 87552K, used 2676K [0x00000000c0000000, 0x00000000c5580000, 0x00000000eab00000)
  object space 87552K, 3% used [0x00000000c0000000,0x00000000c029d360,0x00000000c5580000)
 Metaspace       used 6194K, capacity 7088K, committed 7296K, reserved 1056768K
  class space    used 594K, capacity 616K, committed 640K, reserved 1048576K
}
Event: 5.143 GC heap before
{Heap before GC invocations=3 (full 0):
 PSYoungGen      total 71680K, used 71674K [0x00000000eab00000, 0x00000000ef600000, 0x0000000100000000)
  eden space 66560K, 100% used [0x00000000eab00000,0x00000000eec00000,0x00000000eec00000)
  from space 5120K, 99% used [0x00000000ef100000,0x00000000ef5feac8,0x00000000ef600000)
  to   space 5120K, 0% used [0x00000000eec00000,0x00000000eec00000,0x00000000ef100000)
 ParOldGen       total 87552K, used 2676K [0x00000000c0000000, 0x00000000c5580000, 0x00000000eab00000)
  object space 87552K, 3% used [0x00000000c0000000,0x00000000c029d360,0x00000000c5580000)
 Metaspace       used 6396K, capacity 7192K, committed 7424K, reserved 1056768K
  class space    used 615K, capacity 656K, committed 768K, reserved 1048576K
Event: 5.346 GC heap after
Heap after GC invocations=3 (full 0):
 PSYoungGen      total 71680K, used 5095K [0x00000000eab00000, 0x00000000f3700000, 0x0000000100000000)
  eden space 66560K, 0% used [0x00000000eab00000,0x00000000eab00000,0x00000000eec00000)
  from space 5120K, 99% used [0x00000000eec00000,0x00000000ef0f9d80,0x00000000ef100000)
  to   space 5120K, 0% used [0x00000000f3200000,0x00000000f3200000,0x00000000f3700000)
 ParOldGen       total 87552K, used 13782K [0x00000000c0000000, 0x00000000c5580000, 0x00000000eab00000)
  object space 87552K, 15% used [0x00000000c0000000,0x00000000c0d759c8,0x00000000c5580000)
 Metaspace       used 6396K, capacity 7192K, committed 7424K, reserved 1056768K
  class space    used 615K, capacity 656K, committed 768K, reserved 1048576K
}
Event: 7.041 GC heap before
{Heap before GC invocations=4 (full 0):
 PSYoungGen      total 71680K, used 71655K [0x00000000eab00000, 0x00000000f3700000, 0x0000000100000000)
  eden space 66560K, 100% used [0x00000000eab00000,0x00000000eec00000,0x00000000eec00000)
  from space 5120K, 99% used [0x00000000eec00000,0x00000000ef0f9d80,0x00000000ef100000)
  to   space 5120K, 0% used [0x00000000f3200000,0x00000000f3200000,0x00000000f3700000)
 ParOldGen       total 87552K, used 13782K [0x00000000c0000000, 0x00000000c5580000, 0x00000000eab00000)
  object space 87552K, 15% used [0x00000000c0000000,0x00000000c0d759c8,0x00000000c5580000)
 Metaspace       used 6439K, capacity 7192K, committed 7424K, reserved 1056768K
  class space    used 615K, capacity 656K, committed 768K, reserved 1048576K
Event: 7.291 GC heap after
Heap after GC invocations=4 (full 0):
 PSYoungGen      total 138240K, used 5104K [0x00000000eab00000, 0x00000000f3700000, 0x0000000100000000)
  eden space 133120K, 0% used [0x00000000eab00000,0x00000000eab00000,0x00000000f2d00000)
  from space 5120K, 99% used [0x00000000f3200000,0x00000000f36fc028,0x00000000f3700000)
  to   space 5120K, 0% used [0x00000000f2d00000,0x00000000f2d00000,0x00000000f3200000)
 ParOldGen       total 87552K, used 24326K [0x00000000c0000000, 0x00000000c5580000, 0x00000000eab00000)
  object space 87552K, 27% used [0x00000000c0000000,0x00000000c17c1950,0x00000000c5580000)
 Metaspace       used 6439K, capacity 7192K, committed 7424K, reserved 1056768K
  class space    used 615K, capacity 656K, committed 768K, reserved 1048576K
}
Event: 11.265 GC heap before
{Heap before GC invocations=5 (full 0):
 PSYoungGen      total 138240K, used 138224K [0x00000000eab00000, 0x00000000f3700000, 0x0000000100000000)
  eden space 133120K, 100% used [0x00000000eab00000,0x00000000f2d00000,0x00000000f2d00000)
  from space 5120K, 99% used [0x00000000f3200000,0x00000000f36fc028,0x00000000f3700000)
  to   space 5120K, 0% used [0x00000000f2d00000,0x00000000f2d00000,0x00000000f3200000)
 ParOldGen       total 87552K, used 24326K [0x00000000c0000000, 0x00000000c5580000, 0x00000000eab00000)
  object space 87552K, 27% used [0x00000000c0000000,0x00000000c17c1950,0x00000000c5580000)
 Metaspace       used 6496K, capacity 7256K, committed 7424K, reserved 1056768K
  class space    used 616K, capacity 656K, committed 768K, reserved 1048576K
Event: 11.639 GC heap after
Heap after GC invocations=5 (full 0):
 PSYoungGen      total 138240K, used 5095K [0x00000000eab00000, 0x00000000fec00000, 0x0000000100000000)
  eden space 133120K, 0% used [0x00000000eab00000,0x00000000eab00000,0x00000000f2d00000)
  from space 5120K, 99% used [0x00000000f2d00000,0x00000000f31f9cb0,0x00000000f3200000)
  to   space 31232K, 0% used [0x00000000fcd80000,0x00000000fcd80000,0x00000000fec00000)
 ParOldGen       total 87552K, used 47899K [0x00000000c0000000, 0x00000000c5580000, 0x00000000eab00000)
  object space 87552K, 54% used [0x00000000c0000000,0x00000000c2ec6ec8,0x00000000c5580000)
 Metaspace       used 6496K, capacity 7256K, committed 7424K, reserved 1056768K
  class space    used 616K, capacity 656K, committed 768K, reserved 1048576K
}
Event: 14.520 GC heap before
{Heap before GC invocations=6 (full 0):
 PSYoungGen      total 138240K, used 138215K [0x00000000eab00000, 0x00000000fec00000, 0x0000000100000000)
  eden space 133120K, 100% used [0x00000000eab00000,0x00000000f2d00000,0x00000000f2d00000)
  from space 5120K, 99% used [0x00000000f2d00000,0x00000000f31f9cb0,0x00000000f3200000)
  to   space 31232K, 0% used [0x00000000fcd80000,0x00000000fcd80000,0x00000000fec00000)
 ParOldGen       total 87552K, used 47899K [0x00000000c0000000, 0x00000000c5580000, 0x00000000eab00000)
  object space 87552K, 54% used [0x00000000c0000000,0x00000000c2ec6ec8,0x00000000c5580000)
 Metaspace       used 6498K, capacity 7256K, committed 7424K, reserved 1056768K
  class space    used 616K, capacity 656K, committed 768K, reserved 1048576K
Event: 15.087 GC heap after
Heap after GC invocations=6 (full 0):
 PSYoungGen      total 292352K, used 28629K [0x00000000eab00000, 0x00000000ff600000, 0x0000000100000000)
  eden space 261120K, 0% used [0x00000000eab00000,0x00000000eab00000,0x00000000faa00000)
  from space 31232K, 91% used [0x00000000fcd80000,0x00000000fe975418,0x00000000fec00000)
  to   space 36352K, 0% used [0x00000000faa00000,0x00000000faa00000,0x00000000fcd80000)
 ParOldGen       total 87552K, used 47899K [0x00000000c0000000, 0x00000000c5580000, 0x00000000eab00000)
  object space 87552K, 54% used [0x00000000c0000000,0x00000000c2ec6ec8,0x00000000c5580000)
 Metaspace       used 6498K, capacity 7256K, committed 7424K, reserved 1056768K
  class space    used 616K, capacity 656K, committed 768K, reserved 1048576K
}

Deoptimization events (10 events):
Event: 10.919 Thread 0x0000000007f35000 Uncommon trap: reason=bimorphic action=maybe_recompile pc=0x000000000f981358 method=com.android.dx.cf.code.BytecodeArray.parseInstruction(ILcom/android/dx/cf/code/BytecodeArray$Visitor;)I @ 1501
Event: 10.920 Thread 0x0000000007f35000 Uncommon trap: reason=bimorphic action=maybe_recompile pc=0x000000000f981358 method=com.android.dx.cf.code.BytecodeArray.parseInstruction(ILcom/android/dx/cf/code/BytecodeArray$Visitor;)I @ 1501
Event: 11.006 Thread 0x0000000007f35000 Uncommon trap: reason=unstable_if action=reinterpret pc=0x000000000f682f4c method=com.android.dx.rop.code.LocalItem.compareHandlesNulls(Lcom/android/dx/rop/cst/CstString;Lcom/android/dx/rop/cst/CstString;)I @ 14
Event: 11.043 Thread 0x00000000084b6800 Uncommon trap: reason=class_check action=maybe_recompile pc=0x000000000f883000 method=com.android.dx.cf.code.Ropper.processBlock(Lcom/android/dx/cf/code/ByteBlock;Lcom/android/dx/cf/code/Frame;[I)V @ 777
Event: 11.682 Thread 0x00000000084b6800 Uncommon trap: reason=unstable_if action=reinterpret pc=0x000000000fa54be8 method=com.android.dx.cf.code.Simulator$SimVisitor.visitNoArgs(IIILcom/android/dx/rop/type/Type;)V @ 1277
Event: 15.550 Thread 0x0000000007f35000 Uncommon trap: reason=unstable_if action=reinterpret pc=0x000000000f9c55d4 method=com.android.dx.rop.code.LocalItem.compareHandlesNulls(Lcom/android/dx/rop/cst/CstString;Lcom/android/dx/rop/cst/CstString;)I @ 8
Event: 15.550 Thread 0x0000000007f35000 Uncommon trap: reason=unstable_if action=reinterpret pc=0x000000000f6a1cf8 method=com.android.dx.rop.code.LocalItem.compareHandlesNulls(Lcom/android/dx/rop/cst/CstString;Lcom/android/dx/rop/cst/CstString;)I @ 14
Event: 15.550 Thread 0x0000000007f35000 Uncommon trap: reason=unstable_if action=reinterpret pc=0x000000000f85e254 method=com.android.dx.rop.code.LocalItem.compareHandlesNulls(Lcom/android/dx/rop/cst/CstString;Lcom/android/dx/rop/cst/CstString;)I @ 8
Event: 15.550 Thread 0x0000000007f35000 Uncommon trap: reason=unstable_if action=reinterpret pc=0x000000000fabf8ac method=com.android.dx.rop.code.LocalItem.compareHandlesNulls(Lcom/android/dx/rop/cst/CstString;Lcom/android/dx/rop/cst/CstString;)I @ 8
Event: 15.551 Thread 0x0000000007f35000 Uncommon trap: reason=unstable_if action=reinterpret pc=0x000000000f7c21b4 method=com.android.dx.rop.code.LocalItem.compareHandlesNulls(Lcom/android/dx/rop/cst/CstString;Lcom/android/dx/rop/cst/CstString;)I @ 8

Internal exceptions (10 events):
Event: 0.043 Thread 0x000000000295e800 Exception <a 'java/lang/NoSuchMethodError': Method sun.misc.Unsafe.prefetchRead(Ljava/lang/Object;J)V name or signature does not match> (0x00000000eab13098) thrown at [C:\re\workspace\8-2-build-windows-amd64-cygwin\jdk8u45\3627\hotspot\src\share\vm\prims\j|©KO	¾@
Event: 4.936 Thread 0x0000000007f35000 Exception <a 'java/lang/ArrayIndexOutOfBoundsException': 18> (0x00000000eea20578) thrown at [C:\re\workspace\8-2-build-windows-amd64-cygwin\jdk8u45\3627\hotspot\src\share\vm\interpreter\interpreterRuntime.cpp, line 366]
Event: 4.936 Thread 0x0000000007f35000 Exception <a 'java/lang/ArrayIndexOutOfBoundsException'> (0x00000000eea22048) thrown at [C:\re\workspace\8-2-build-windows-amd64-cygwin\jdk8u45\3627\hotspot\src\share\vm\runtime\sharedRuntime.cpp, line 605]
Event: 4.938 Thread 0x0000000007f35000 Exception <a 'java/lang/ArrayIndexOutOfBoundsException'> (0x00000000eea23280) thrown at [C:\re\workspace\8-2-build-windows-amd64-cygwin\jdk8u45\3627\hotspot\src\share\vm\runtime\sharedRuntime.cpp, line 605]
Event: 11.006 Thread 0x0000000007f35000 Implicit null exception at 0x000000000f681512 to 0x000000000f682f1d
Event: 15.550 Thread 0x0000000007f35000 Implicit null exception at 0x000000000f9c2317 to 0x000000000f9c5559
Event: 15.550 Thread 0x0000000007f35000 Implicit null exception at 0x000000000f6a19f8 to 0x000000000f6a1ce5
Event: 15.550 Thread 0x0000000007f35000 Implicit null exception at 0x000000000f85e027 to 0x000000000f85e229
Event: 15.550 Thread 0x0000000007f35000 Implicit null exception at 0x000000000fabe6d0 to 0x000000000fabf881
Event: 15.551 Thread 0x0000000007f35000 Implicit null exception at 0x000000000f7bebf0 to 0x000000000f7c214d

Events (10 events):
Event: 15.550 Thread 0x0000000007f35000 DEOPT UNPACKING pc=0x000000000f05582a sp=0x000000000995e480 mode 2
Event: 15.550 Thread 0x0000000007f35000 Uncommon trap: trap_request=0xffffff65 fr.pc=0x000000000f85e254
Event: 15.550 Thread 0x0000000007f35000 DEOPT PACKING pc=0x000000000f85e254 sp=0x000000000995e6e0
Event: 15.550 Thread 0x0000000007f35000 DEOPT UNPACKING pc=0x000000000f05582a sp=0x000000000995e558 mode 2
Event: 15.550 Thread 0x0000000007f35000 Uncommon trap: trap_request=0xffffff65 fr.pc=0x000000000fabf8ac
Event: 15.550 Thread 0x0000000007f35000 DEOPT PACKING pc=0x000000000fabf8ac sp=0x000000000995e650
Event: 15.550 Thread 0x0000000007f35000 DEOPT UNPACKING pc=0x000000000f05582a sp=0x000000000995e428 mode 2
Event: 15.551 Thread 0x0000000007f35000 Uncommon trap: trap_request=0xffffff65 fr.pc=0x000000000f7c21b4
Event: 15.551 Thread 0x0000000007f35000 DEOPT PACKING pc=0x000000000f7c21b4 sp=0x000000000995e8e0
Event: 15.551 Thread 0x0000000007f35000 DEOPT UNPACKING pc=0x000000000f05582a sp=0x000000000995e710 mode 2


Dynamic libraries:
0x00007ff643f00000 - 0x00007ff643f37000 	C:\Program Files\Java\jdk1.8.0_45\bin\java.exe
0x00007ffba8ae0000 - 0x00007ffba8ca1000 	C:\WINDOWS\SYSTEM32\ntdll.dll
0x00007ffba89c0000 - 0x00007ffba8a6d000 	C:\WINDOWS\system32\KERNEL32.DLL
0x00007ffba59a0000 - 0x00007ffba5b7d000 	C:\WINDOWS\system32\KERNELBASE.dll
0x00007ffba6b50000 - 0x00007ffba6bf6000 	C:\WINDOWS\system32\ADVAPI32.dll
0x00007ffba6c60000 - 0x00007ffba6cfd000 	C:\WINDOWS\system32\msvcrt.dll
0x00007ffba6c00000 - 0x00007ffba6c5b000 	C:\WINDOWS\system32\sechost.dll
0x00007ffba8830000 - 0x00007ffba8956000 	C:\WINDOWS\system32\RPCRT4.dll
0x00007ffba86c0000 - 0x00007ffba880e000 	C:\WINDOWS\system32\USER32.dll
0x00007ffba8530000 - 0x00007ffba86b6000 	C:\WINDOWS\system32\GDI32.dll
0x00007ffba1240000 - 0x00007ffba14b4000 	C:\WINDOWS\WinSxS\amd64_microsoft.windows.common-controls_6595b64144ccf1df_6.0.10240.16384_none_f41f7b285750ef43\COMCTL32.dll
0x00007ffba6470000 - 0x00007ffba64a6000 	C:\WINDOWS\system32\IMM32.DLL
0x00007ffba6560000 - 0x00007ffba66bc000 	C:\WINDOWS\system32\MSCTF.dll
0x00007ffba3e90000 - 0x00007ffba3ec1000 	C:\Windows\system32\nvinitx.dll
0x00007ffba3e80000 - 0x00007ffba3e8a000 	C:\WINDOWS\SYSTEM32\VERSION.dll
0x000000000f000000 - 0x000000000f006000 	C:\Program Files\NVIDIA Corporation\CoProcManager\_etoured.dll
0x00007ffba3b90000 - 0x00007ffba3bc2000 	C:\Program Files\NVIDIA Corporation\CoProcManager\nvd3d9wrapx.dll
0x00007ffba61c0000 - 0x00007ffba6385000 	C:\WINDOWS\system32\SETUPAPI.dll
0x00007ffba5830000 - 0x00007ffba5874000 	C:\WINDOWS\system32\CFGMGR32.dll
0x00007ffba3b60000 - 0x00007ffba3b82000 	C:\Program Files\NVIDIA Corporation\CoProcManager\nvdxgiwrapx.dll
0x0000000058040000 - 0x0000000058112000 	C:\Program Files\Java\jdk1.8.0_45\jre\bin\msvcr100.dll
0x00000000584c0000 - 0x0000000058d43000 	C:\Program Files\Java\jdk1.8.0_45\jre\bin\server\jvm.dll
0x00007ffba61b0000 - 0x00007ffba61b8000 	C:\WINDOWS\system32\PSAPI.DLL
0x00007ffba3640000 - 0x00007ffba3649000 	C:\WINDOWS\SYSTEM32\WSOCK32.dll
0x00007ffba8a70000 - 0x00007ffba8ad9000 	C:\WINDOWS\system32\WS2_32.dll
0x00007ffba6de0000 - 0x00007ffba6de8000 	C:\WINDOWS\system32\NSI.dll
0x00007ffba3a70000 - 0x00007ffba3a93000 	C:\WINDOWS\SYSTEM32\WINMM.dll
0x00007ffba38f0000 - 0x00007ffba391c000 	C:\WINDOWS\SYSTEM32\WINMMBASE.dll
0x00007ffba3e50000 - 0x00007ffba3e77000 	C:\WINDOWS\SYSTEM32\DEVOBJ.dll
0x00000000584b0000 - 0x00000000584bf000 	C:\Program Files\Java\jdk1.8.0_45\jre\bin\verify.dll
0x0000000058480000 - 0x00000000584a9000 	C:\Program Files\Java\jdk1.8.0_45\jre\bin\java.dll
0x0000000058460000 - 0x0000000058476000 	C:\Program Files\Java\jdk1.8.0_45\jre\bin\zip.dll
0x00007ffba6e50000 - 0x00007ffba8372000 	C:\WINDOWS\system32\SHELL32.dll
0x00007ffba5b80000 - 0x00007ffba61a8000 	C:\WINDOWS\system32\windows.storage.dll
0x00007ffba6810000 - 0x00007ffba6a8c000 	C:\WINDOWS\system32\combase.dll
0x00007ffba6df0000 - 0x00007ffba6e41000 	C:\WINDOWS\system32\shlwapi.dll
0x00007ffba55a0000 - 0x00007ffba55af000 	C:\WINDOWS\system32\kernel.appcore.dll
0x0000000002860000 - 0x0000000002913000 	C:\WINDOWS\system32\shcore.dll
0x00007ffba5550000 - 0x00007ffba559a000 	C:\WINDOWS\system32\powrprof.dll
0x00007ffba5510000 - 0x00007ffba5523000 	C:\WINDOWS\system32\profapi.dll

VM Arguments:
jvm_args: -Djava.awt.headless=true -Xmx1024M -Dfile.encoding=windows-1251 -Duser.country=US -Duser.language=en -Duser.variant 
java_command: com.android.dx.command.Main --dex --num-threads=4 --output C:\Users\Jinjaar-pc\Desktop\JustChat\JustChat\app\build\intermediates\pre-dexed\debug\guava-18.0_5e6a39332ab805f55dd22e5e89cedcb9c5945a6a.jar C:\Users\Jinjaar-pc\.gradle\caches\modules-2\files-2.1\com.google.guava\guava\18.0\cce0823396aa693798f8882e64213b1772032b09\guava-18.0.jar
java_class_path (initial): C:\Users\Jinjaar-pc\AppData\Local\Android\sdk1\build-tools\23.0.2\lib\dx.jar
Launcher Type: SUN_STANDARD

Environment Variables:
JAVA_HOME=C:\Program Files\Java\jdk1.8.0_45
PATH=C:\ProgramData\Oracle\Java\javapath;F:\app\client\Jinjaar-pc\product\12.1.0\client_1;F:\app\client\Jinjaar-pc\product\12.1.0\client_1\bin;C:\oraclexe\app\oracle\product\11.2.0\server\bin;C:\Windows\system32;C:\Windows;C:\Windows\System32\Wbem;C:\Windows\System32\WindowsPowerShell\v1.0\;C:\Program Files (x86)\NVIDIA Corporation\PhysX\Common;C:\Program Files (x86)\Git\cmd;C:\Program Files\Microsoft OLE DB Provider for DB2\system;C:\Program Files\Microsoft SQL Server\Client SDK\ODBC\110\Tools\Binn\;C:\Program Files (x86)\Microsoft SQL Server\120\Tools\Binn\;C:\Program Files\Microsoft SQL Server\120\Tools\Binn\;C:\Program Files\Microsoft SQL Server\120\DTS\Binn\;C:\Program Files (x86)\Microsoft SQL Server\120\Tools\Binn\ManagementStudio\;C:\Program Files (x86)\Microsoft SQL Server\120\DTS\Binn\;C:\Program Files\Microsoft SQL Server\110\Tools\Binn\;C:\Program Files\MySQL\MySQL Enterprise Backup 3.12\;C:\Program Files (x86)\MySQL\MySQL Fabric 1.5.4 & MySQL Utilities 1.5.4 1.5\;C:\Program Files (x86)\MySQL\MySQL Fabric 1.5.4 & MySQL Utilities 1.5.4 1.5\Doctrine extensions for PHP\;C:\Program Files (x86)\Windows Kits\8.1\Windows Performance Toolkit\;C:\WINDOWS\system32;C:\WINDOWS;C:\WINDOWS\System32\Wbem;C:\WINDOWS\System32\WindowsPowerShell\v1.0\;C:\Program Files\Microsoft\Web Platform Installer\;C:\tools\python;C:\Program Files (x86)\Skype\Phone\;C:\Program Files (x86)\nodejs\;C:\Program Files\Java\jdk1.8.0_45\bin;C:\Program Files\apache-maven-3.3.9\bin;C:\Users\Jinjaar-pc\.dnx\bin;C:\Users\Jinjaar-pc\AppData\Local\atom\bin;C:\Program Files\MongoDB\Server\3.0\bin;C:\ProgramData\chocolatey\bin;C:\Users\Jinjaar-pc\AppData\Roaming\npm
USERNAME=Jinjaar-pc
OS=Windows_NT
PROCESSOR_IDENTIFIER=Intel64 Family 6 Model 60 Stepping 3, GenuineIntel



---------------  S Y S T E M  ---------------

OS: Windows 10.0 , 64 bit Build 10240 (10.0.10240.16384)

CPU:total 4 (2 cores per cpu, 2 threads per core) family 6 model 60 stepping 3, cmov, cx8, fxsr, mmx, sse, sse2, sse3, ssse3, sse4.1, sse4.2, popcnt, avx, avx2, aes, clmul, erms, lzcnt, ht, tsc, tscinvbit, bmi1, bmi2

Memory: 4k page, physical 8284056k(318064k free), swap 14538416k(4096k free)

vm_info: Java HotSpot(TM) 64-Bit Server VM (25.45-b02) for windows-amd64 JRE (1.8.0_45-b15), built on Apr 30 2015 12:40:44 by "java_re" with MS VC++ 10.0 (VS2010)

time: Sat Jan 30 16:21:42 2016
elapsed time: 15 seconds (0d 0h 0m 15s)

