#
# There is insufficient memory for the Java Runtime Environment to continue.
# Native memory allocation (malloc) failed to allocate 32744 bytes for ChunkPool::allocate
# Possible reasons:
#   The system is out of physical RAM or swap space
#   In 32 bit mode, the process size limit was hit
# Possible solutions:
#   Reduce memory load on the system
#   Increase physical memory or swap space
#   Check if swap backing store is full
#   Use 64 bit Java on a 64 bit OS
#   Decrease Java heap size (-Xmx/-Xms)
#   Decrease number of Java threads
#   Decrease Java thread stack sizes (-Xss)
#   Set larger code cache with -XX:ReservedCodeCacheSize=
# This output file may be truncated or incomplete.
#
#  Out of Memory Error (allocation.cpp:273), pid=5444, tid=9624
#
# JRE version: Java(TM) SE Runtime Environment (8.0_45-b15) (build 1.8.0_45-b15)
# Java VM: Java HotSpot(TM) 64-Bit Server VM (25.45-b02 mixed mode windows-amd64 compressed oops)
# Failed to write core dump. Minidumps are not enabled by default on client versions of Windows
#

---------------  T H R E A D  ---------------

Current thread (0x0000000005b6b800):  JavaThread "C2 CompilerThread0" daemon [_thread_in_native, id=9624, stack(0x0000000007190000,0x0000000007290000)]

Stack: [0x0000000007190000,0x0000000007290000]
[error occurred during error reporting (printing stack bounds), id 0xc0000005]

Native frames: (J=compiled Java code, j=interpreted, Vv=VM code, C=native code)
V  [jvm.dll+0x32b57a]


Current CompileTask:
C2:  15402 2426   !   4       com.android.dx.cf.code.Ropper::convert (52 bytes)


---------------  P R O C E S S  ---------------

Java Threads: ( => current thread )
  0x00000000076a3000 JavaThread "pool-1-thread-4" [_thread_blocked, id=5032, stack(0x0000000008690000,0x0000000008790000)]
  0x00000000076a2800 JavaThread "pool-1-thread-3" [_thread_blocked, id=4600, stack(0x0000000008590000,0x0000000008690000)]
  0x00000000076a0000 JavaThread "pool-1-thread-2" [_thread_blocked, id=6932, stack(0x0000000008490000,0x0000000008590000)]
  0x000000000768e000 JavaThread "pool-2-thread-1" [_thread_blocked, id=7332, stack(0x0000000008390000,0x0000000008490000)]
  0x000000000768d800 JavaThread "pool-1-thread-1" [_thread_in_Java, id=10388, stack(0x0000000008290000,0x0000000008390000)]
  0x0000000005bcc800 JavaThread "Service Thread" daemon [_thread_blocked, id=9080, stack(0x0000000007890000,0x0000000007990000)]
  0x0000000007398800 JavaThread "C1 CompilerThread2" daemon [_thread_blocked, id=2840, stack(0x0000000007790000,0x0000000007890000)]
  0x0000000005bc6000 JavaThread "C2 CompilerThread1" daemon [_thread_in_native, id=4452, stack(0x0000000007290000,0x0000000007390000)]
=>0x0000000005b6b800 JavaThread "C2 CompilerThread0" daemon [_thread_in_native, id=9624, stack(0x0000000007190000,0x0000000007290000)]
  0x0000000005b79000 JavaThread "Attach Listener" daemon [_thread_blocked, id=9920, stack(0x0000000007090000,0x0000000007190000)]
  0x0000000005b77800 JavaThread "Signal Dispatcher" daemon [_thread_blocked, id=10372, stack(0x0000000006f90000,0x0000000007090000)]
  0x0000000002491800 JavaThread "Finalizer" daemon [_thread_blocked, id=6192, stack(0x0000000006dd0000,0x0000000006ed0000)]
  0x000000000248e800 JavaThread "Reference Handler" daemon [_thread_blocked, id=7164, stack(0x0000000006cd0000,0x0000000006dd0000)]
  0x000000000239e800 JavaThread "main" [_thread_blocked, id=2812, stack(0x0000000002210000,0x0000000002310000)]

Other Threads:
  0x0000000005b38000 VMThread [stack: 0x0000000006bd0000,0x0000000006cd0000] [id=10920]
  0x0000000005bce000 WatcherThread [stack: 0x0000000007990000,0x0000000007a90000] [id=10540]

VM state:not at safepoint (normal execution)

VM Mutex/Monitor currently owned by a thread:  ([mutex/lock_event])
[0x000000000239e130] Heap_lock - owner thread: 0x00000000076a2800

Heap:
 PSYoungGen      total 161792K, used 28075K [0x00000000eab00000, 0x00000000fe700000, 0x0000000100000000)
  eden space 133120K, 2% used [0x00000000eab00000,0x00000000eaddf420,0x00000000f2d00000)
  from space 28672K, 87% used [0x00000000fcb00000,0x00000000fe38bad8,0x00000000fe700000)
  to   space 5120K, 0% used [0x00000000f2d00000,0x00000000f2d00000,0x00000000f3200000)
 ParOldGen       total 87552K, used 44351K [0x00000000c0000000, 0x00000000c5580000, 0x00000000eab00000)
  object space 87552K, 50% used [0x00000000c0000000,0x00000000c2b4fc30,0x00000000c5580000)
 Metaspace       used 6472K, capacity 7256K, committed 7424K, reserved 1056768K
  class space    used 615K, capacity 656K, committed 768K, reserved 1048576K

Card table byte_map: [0x0000000002860000,0x0000000002a70000] byte_map_base: 0x0000000002260000

Marking Bits: (ParMarkBitMap*) 0x0000000058cc4040
 Begin Bits: [0x0000000002fd0000, 0x0000000003fd0000)
 End Bits:   [0x0000000003fd0000, 0x0000000004fd0000)

Polling page: 0x0000000000780000

CodeCache: size=245760Kb used=11690Kb max_used=11709Kb free=234069Kb
 bounds [0x000000000f010000, 0x000000000fb90000, 0x000000001e010000]
 total_blobs=2526 nmethods=2256 adapters=182
 compilation: enabled

Compilation events (10 events):
Event: 15.367 Thread 0x0000000005b6b800 nmethod 2412 0x000000000fb87790 code [0x000000000fb879c0, 0x000000000fb88cc8]
Event: 15.367 Thread 0x0000000005b6b800 2424       4       com.android.dx.rop.code.RegisterSpecList::getType (12 bytes)
Event: 15.368 Thread 0x0000000005b6b800 nmethod 2424 0x000000000fb6d210 code [0x000000000fb6d360, 0x000000000fb6d458]
Event: 15.368 Thread 0x0000000005bc6000 nmethod 2423 0x000000000fb76050 code [0x000000000fb761c0, 0x000000000fb765e8]
Event: 15.368 Thread 0x0000000005b6b800 2422       4       com.android.dx.dex.file.CodeItem::<init> (81 bytes)
Event: 15.369 Thread 0x0000000005b6b800 nmethod 2422 0x000000000fb6ced0 code [0x000000000fb6d000, 0x000000000fb6d118]
Event: 15.370 Thread 0x0000000005bc6000 2425 %     4       com.android.dx.ssa.SsaMethod::buildUseList @ 82 (112 bytes)
Event: 15.372 Thread 0x0000000005b6b800 2426   !   4       com.android.dx.cf.code.Ropper::convert (52 bytes)
Event: 15.374 Thread 0x0000000005bc6000 nmethod 2425% 0x000000000fb759d0 code [0x000000000fb75b40, 0x000000000fb75dd8]
Event: 15.374 Thread 0x0000000005bc6000 2427       4       com.android.dx.cf.code.Ropper::<init> (213 bytes)

GC Heap History (10 events):
Event: 3.923 GC heap before
{Heap before GC invocations=2 (full 0):
 PSYoungGen      total 38400K, used 38370K [0x00000000eab00000, 0x00000000ef600000, 0x0000000100000000)
  eden space 33280K, 100% used [0x00000000eab00000,0x00000000ecb80000,0x00000000ecb80000)
  from space 5120K, 99% used [0x00000000ecb80000,0x00000000ed078b78,0x00000000ed080000)
  to   space 5120K, 0% used [0x00000000ef100000,0x00000000ef100000,0x00000000ef600000)
 ParOldGen       total 87552K, used 66K [0x00000000c0000000, 0x00000000c5580000, 0x00000000eab00000)
  object space 87552K, 0% used [0x00000000c0000000,0x00000000c0010b38,0x00000000c5580000)
 Metaspace       used 6096K, capacity 7024K, committed 7296K, reserved 1056768K
  class space    used 593K, capacity 616K, committed 640K, reserved 1048576K
Event: 4.142 GC heap after
Heap after GC invocations=2 (full 0):
 PSYoungGen      total 71680K, used 5118K [0x00000000eab00000, 0x00000000ef600000, 0x0000000100000000)
  eden space 66560K, 0% used [0x00000000eab00000,0x00000000eab00000,0x00000000eec00000)
  from space 5120K, 99% used [0x00000000ef100000,0x00000000ef5ff8c8,0x00000000ef600000)
  to   space 5120K, 0% used [0x00000000eec00000,0x00000000eec00000,0x00000000ef100000)
 ParOldGen       total 87552K, used 3099K [0x00000000c0000000, 0x00000000c5580000, 0x00000000eab00000)
  object space 87552K, 3% used [0x00000000c0000000,0x00000000c0306f78,0x00000000c5580000)
 Metaspace       used 6096K, capacity 7024K, committed 7296K, reserved 1056768K
  class space    used 593K, capacity 616K, committed 640K, reserved 1048576K
}
Event: 6.371 GC heap before
{Heap before GC invocations=3 (full 0):
 PSYoungGen      total 71680K, used 71678K [0x00000000eab00000, 0x00000000ef600000, 0x0000000100000000)
  eden space 66560K, 100% used [0x00000000eab00000,0x00000000eec00000,0x00000000eec00000)
  from space 5120K, 99% used [0x00000000ef100000,0x00000000ef5ff8c8,0x00000000ef600000)
  to   space 5120K, 0% used [0x00000000eec00000,0x00000000eec00000,0x00000000ef100000)
 ParOldGen       total 87552K, used 3099K [0x00000000c0000000, 0x00000000c5580000, 0x00000000eab00000)
  object space 87552K, 3% used [0x00000000c0000000,0x00000000c0306f78,0x00000000c5580000)
 Metaspace       used 6232K, capacity 7152K, committed 7296K, reserved 1056768K
  class space    used 594K, capacity 616K, committed 640K, reserved 1048576K
Event: 6.615 GC heap after
Heap after GC invocations=3 (full 0):
 PSYoungGen      total 71680K, used 5089K [0x00000000eab00000, 0x00000000f3700000, 0x0000000100000000)
  eden space 66560K, 0% used [0x00000000eab00000,0x00000000eab00000,0x00000000eec00000)
  from space 5120K, 99% used [0x00000000eec00000,0x00000000ef0f8518,0x00000000ef100000)
  to   space 5120K, 0% used [0x00000000f3200000,0x00000000f3200000,0x00000000f3700000)
 ParOldGen       total 87552K, used 12747K [0x00000000c0000000, 0x00000000c5580000, 0x00000000eab00000)
  object space 87552K, 14% used [0x00000000c0000000,0x00000000c0c72e00,0x00000000c5580000)
 Metaspace       used 6232K, capacity 7152K, committed 7296K, reserved 1056768K
  class space    used 594K, capacity 616K, committed 640K, reserved 1048576K
}
Event: 8.206 GC heap before
{Heap before GC invocations=4 (full 0):
 PSYoungGen      total 71680K, used 71649K [0x00000000eab00000, 0x00000000f3700000, 0x0000000100000000)
  eden space 66560K, 100% used [0x00000000eab00000,0x00000000eec00000,0x00000000eec00000)
  from space 5120K, 99% used [0x00000000eec00000,0x00000000ef0f8518,0x00000000ef100000)
  to   space 5120K, 0% used [0x00000000f3200000,0x00000000f3200000,0x00000000f3700000)
 ParOldGen       total 87552K, used 12747K [0x00000000c0000000, 0x00000000c5580000, 0x00000000eab00000)
  object space 87552K, 14% used [0x00000000c0000000,0x00000000c0c72e00,0x00000000c5580000)
 Metaspace       used 6327K, capacity 7216K, committed 7296K, reserved 1056768K
  class space    used 594K, capacity 616K, committed 640K, reserved 1048576K
Event: 8.356 GC heap after
Heap after GC invocations=4 (full 0):
 PSYoungGen      total 138240K, used 5103K [0x00000000eab00000, 0x00000000f3700000, 0x0000000100000000)
  eden space 133120K, 0% used [0x00000000eab00000,0x00000000eab00000,0x00000000f2d00000)
  from space 5120K, 99% used [0x00000000f3200000,0x00000000f36fbc50,0x00000000f3700000)
  to   space 5120K, 0% used [0x00000000f2d00000,0x00000000f2d00000,0x00000000f3200000)
 ParOldGen       total 87552K, used 23060K [0x00000000c0000000, 0x00000000c5580000, 0x00000000eab00000)
  object space 87552K, 26% used [0x00000000c0000000,0x00000000c16851d8,0x00000000c5580000)
 Metaspace       used 6327K, capacity 7216K, committed 7296K, reserved 1056768K
  class space    used 594K, capacity 616K, committed 640K, reserved 1048576K
}
Event: 11.869 GC heap before
{Heap before GC invocations=5 (full 0):
 PSYoungGen      total 138240K, used 138223K [0x00000000eab00000, 0x00000000f3700000, 0x0000000100000000)
  eden space 133120K, 100% used [0x00000000eab00000,0x00000000f2d00000,0x00000000f2d00000)
  from space 5120K, 99% used [0x00000000f3200000,0x00000000f36fbc50,0x00000000f3700000)
  to   space 5120K, 0% used [0x00000000f2d00000,0x00000000f2d00000,0x00000000f3200000)
 ParOldGen       total 87552K, used 23060K [0x00000000c0000000, 0x00000000c5580000, 0x00000000eab00000)
  object space 87552K, 26% used [0x00000000c0000000,0x00000000c16851d8,0x00000000c5580000)
 Metaspace       used 6456K, capacity 7256K, committed 7424K, reserved 1056768K
  class space    used 615K, capacity 656K, committed 768K, reserved 1048576K
Event: 12.254 GC heap after
Heap after GC invocations=5 (full 0):
 PSYoungGen      total 138240K, used 5106K [0x00000000eab00000, 0x00000000fe700000, 0x0000000100000000)
  eden space 133120K, 0% used [0x00000000eab00000,0x00000000eab00000,0x00000000f2d00000)
  from space 5120K, 99% used [0x00000000f2d00000,0x00000000f31fca40,0x00000000f3200000)
  to   space 28672K, 0% used [0x00000000fcb00000,0x00000000fcb00000,0x00000000fe700000)
 ParOldGen       total 87552K, used 44351K [0x00000000c0000000, 0x00000000c5580000, 0x00000000eab00000)
  object space 87552K, 50% used [0x00000000c0000000,0x00000000c2b4fc30,0x00000000c5580000)
 Metaspace       used 6456K, capacity 7256K, committed 7424K, reserved 1056768K
  class space    used 615K, capacity 656K, committed 768K, reserved 1048576K
}
Event: 15.036 GC heap before
{Heap before GC invocations=6 (full 0):
 PSYoungGen      total 138240K, used 138226K [0x00000000eab00000, 0x00000000fe700000, 0x0000000100000000)
  eden space 133120K, 100% used [0x00000000eab00000,0x00000000f2d00000,0x00000000f2d00000)
  from space 5120K, 99% used [0x00000000f2d00000,0x00000000f31fca40,0x00000000f3200000)
  to   space 28672K, 0% used [0x00000000fcb00000,0x00000000fcb00000,0x00000000fe700000)
 ParOldGen       total 87552K, used 44351K [0x00000000c0000000, 0x00000000c5580000, 0x00000000eab00000)
  object space 87552K, 50% used [0x00000000c0000000,0x00000000c2b4fc30,0x00000000c5580000)
 Metaspace       used 6472K, capacity 7256K, committed 7424K, reserved 1056768K
  class space    used 615K, capacity 656K, committed 768K, reserved 1048576K
Event: 15.365 GC heap after
Heap after GC invocations=6 (full 0):
 PSYoungGen      total 161792K, used 25134K [0x00000000eab00000, 0x00000000fe700000, 0x0000000100000000)
  eden space 133120K, 0% used [0x00000000eab00000,0x00000000eab00000,0x00000000f2d00000)
  from space 28672K, 87% used [0x00000000fcb00000,0x00000000fe38bad8,0x00000000fe700000)
  to   space 5120K, 0% used [0x00000000f2d00000,0x00000000f2d00000,0x00000000f3200000)
 ParOldGen       total 87552K, used 44351K [0x00000000c0000000, 0x00000000c5580000, 0x00000000eab00000)
  object space 87552K, 50% used [0x00000000c0000000,0x00000000c2b4fc30,0x00000000c5580000)
 Metaspace       used 6472K, capacity 7256K, committed 7424K, reserved 1056768K
  class space    used 615K, capacity 656K, committed 768K, reserved 1048576K
}

Deoptimization events (10 events):
Event: 11.447 Thread 0x00000000076a3000 Uncommon trap: reason=unstable_if action=reinterpret pc=0x000000000f3bbcec method=java.util.HashMap.putVal(ILjava/lang/Object;Ljava/lang/Object;ZZ)Ljava/lang/Object; @ 162
Event: 11.554 Thread 0x000000000768d800 Uncommon trap: reason=unstable_if action=reinterpret pc=0x000000000f840754 method=java.util.HashMap.putVal(ILjava/lang/Object;Ljava/lang/Object;ZZ)Ljava/lang/Object; @ 109
Event: 13.825 Thread 0x00000000076a3000 Uncommon trap: reason=bimorphic action=maybe_recompile pc=0x000000000f9e0470 method=com.android.dx.cf.code.BytecodeArray.parseInstruction(ILcom/android/dx/cf/code/BytecodeArray$Visitor;)I @ 1035
Event: 13.825 Thread 0x00000000076a3000 Uncommon trap: reason=bimorphic action=maybe_recompile pc=0x000000000f9e02f4 method=com.android.dx.cf.code.BytecodeArray.parseInstruction(ILcom/android/dx/cf/code/BytecodeArray$Visitor;)I @ 971
Event: 13.825 Thread 0x00000000076a3000 Uncommon trap: reason=bimorphic action=maybe_recompile pc=0x000000000f9e0374 method=com.android.dx.cf.code.BytecodeArray.parseInstruction(ILcom/android/dx/cf/code/BytecodeArray$Visitor;)I @ 987
Event: 13.826 Thread 0x00000000076a3000 Uncommon trap: reason=bimorphic action=maybe_recompile pc=0x000000000f9e04f0 method=com.android.dx.cf.code.BytecodeArray.parseInstruction(ILcom/android/dx/cf/code/BytecodeArray$Visitor;)I @ 1051
Event: 13.826 Thread 0x00000000076a3000 Uncommon trap: reason=bimorphic action=maybe_recompile pc=0x000000000f9e0470 method=com.android.dx.cf.code.BytecodeArray.parseInstruction(ILcom/android/dx/cf/code/BytecodeArray$Visitor;)I @ 1035
Event: 14.396 Thread 0x000000000768d800 Uncommon trap: reason=unstable_if action=reinterpret pc=0x000000000fa6ba3c method=com.android.dx.ssa.SCCP.simulateStmt(Lcom/android/dx/ssa/SsaInsn;)V @ 59
Event: 14.630 Thread 0x00000000076a3000 Uncommon trap: reason=bimorphic action=maybe_recompile pc=0x000000000fafed9c method=com.android.dx.cf.code.BytecodeArray.parseInstruction(ILcom/android/dx/cf/code/BytecodeArray$Visitor;)I @ 1287
Event: 14.630 Thread 0x00000000076a3000 Uncommon trap: reason=bimorphic action=maybe_recompile pc=0x000000000fafed9c method=com.android.dx.cf.code.BytecodeArray.parseInstruction(ILcom/android/dx/cf/code/BytecodeArray$Visitor;)I @ 1287

Internal exceptions (8 events):
Event: 0.053 Thread 0x000000000239e800 Exception <a 'java/lang/NoSuchMethodError': Method sun.misc.Unsafe.defineClass(Ljava/lang/String;[BII)Ljava/lang/Class; name or signature does not match> (0x00000000eab12f40) thrown at [C:\re\workspace\8-2-build-windows-amd64-cygwin\jdk8u45\3627\hotspot\sr2?{$ŒI«?
Event: 0.053 Thread 0x000000000239e800 Exception <a 'java/lang/NoSuchMethodError': Method sun.misc.Unsafe.prefetchRead(Ljava/lang/Object;J)V name or signature does not match> (0x00000000eab131d0) thrown at [C:\re\workspace\8-2-build-windows-amd64-cygwin\jdk8u45\3627\hotspot\src\share\vm\prims\jŸ©–É'
Event: 2.019 Thread 0x00000000076a0000 Implicit null exception at 0x000000000f393ae2 to 0x000000000f393be5
Event: 8.163 Thread 0x00000000076a3000 Implicit null exception at 0x000000000f8658f0 to 0x000000000f86a395
Event: 8.964 Thread 0x00000000076a3000 Implicit null exception at 0x000000000f7224b5 to 0x000000000f723aed
Event: 11.448 Thread 0x00000000076a3000 Exception <a 'java/lang/ArrayIndexOutOfBoundsException': 18> (0x00000000f1165578) thrown at [C:\re\workspace\8-2-build-windows-amd64-cygwin\jdk8u45\3627\hotspot\src\share\vm\interpreter\interpreterRuntime.cpp, line 366]
Event: 11.449 Thread 0x00000000076a3000 Exception <a 'java/lang/ArrayIndexOutOfBoundsException': 145> (0x00000000f1167048) thrown at [C:\re\workspace\8-2-build-windows-amd64-cygwin\jdk8u45\3627\hotspot\src\share\vm\interpreter\interpreterRuntime.cpp, line 366]
Event: 11.449 Thread 0x00000000076a3000 Exception <a 'java/lang/ArrayIndexOutOfBoundsException'> (0x00000000f1168280) thrown at [C:\re\workspace\8-2-build-windows-amd64-cygwin\jdk8u45\3627\hotspot\src\share\vm\runtime\sharedRuntime.cpp, line 605]

Events (10 events):
Event: 14.815 Thread 0x00000000076a3000 DEOPT PACKING pc=0x000000000f51e2e2 sp=0x000000000878e900
Event: 14.815 Thread 0x00000000076a3000 DEOPT UNPACKING pc=0x000000000f05787f sp=0x000000000878e678 mode 0
Event: 14.824 Thread 0x00000000076a3000 DEOPT PACKING pc=0x000000000f57aa4b sp=0x000000000878e8f0
Event: 14.824 Thread 0x00000000076a3000 DEOPT UNPACKING pc=0x000000000f05787f sp=0x000000000878e6c0 mode 0
Event: 14.830 Thread 0x00000000076a3000 DEOPT PACKING pc=0x000000000f4a691e sp=0x000000000878e990
Event: 14.830 Thread 0x00000000076a3000 DEOPT UNPACKING pc=0x000000000f05787f sp=0x000000000878e6d0 mode 0
Event: 14.834 Thread 0x00000000076a3000 DEOPT PACKING pc=0x000000000f50b6f4 sp=0x000000000878e840
Event: 14.834 Thread 0x00000000076a3000 DEOPT UNPACKING pc=0x000000000f05787f sp=0x000000000878e600 mode 0
Event: 14.975 Executing VM operation: ParallelGCFailedAllocation
Event: 15.365 Executing VM operation: ParallelGCFailedAllocation done


Dynamic libraries:
0x00007ff643f00000 - 0x00007ff643f37000 	C:\Program Files\Java\jdk1.8.0_45\bin\java.exe
0x00007ffba8ae0000 - 0x00007ffba8ca1000 	C:\WINDOWS\SYSTEM32\ntdll.dll
0x00007ffba89c0000 - 0x00007ffba8a6d000 	C:\WINDOWS\system32\KERNEL32.DLL
0x00007ffba59a0000 - 0x00007ffba5b7d000 	C:\WINDOWS\system32\KERNELBASE.dll
0x00007ffba6b50000 - 0x00007ffba6bf6000 	C:\WINDOWS\system32\ADVAPI32.dll
0x00007ffba6c60000 - 0x00007ffba6cfd000 	C:\WINDOWS\system32\msvcrt.dll
0x00007ffba6c00000 - 0x00007ffba6c5b000 	C:\WINDOWS\system32\sechost.dll
0x00007ffba8830000 - 0x00007ffba8956000 	C:\WINDOWS\system32\RPCRT4.dll
0x00007ffba86c0000 - 0x00007ffba880e000 	C:\WINDOWS\system32\USER32.dll
0x00007ffba8530000 - 0x00007ffba86b6000 	C:\WINDOWS\system32\GDI32.dll
0x00007ffba1240000 - 0x00007ffba14b4000 	C:\WINDOWS\WinSxS\amd64_microsoft.windows.common-controls_6595b64144ccf1df_6.0.10240.16384_none_f41f7b285750ef43\COMCTL32.dll
0x00007ffba6470000 - 0x00007ffba64a6000 	C:\WINDOWS\system32\IMM32.DLL
0x00007ffba6560000 - 0x00007ffba66bc000 	C:\WINDOWS\system32\MSCTF.dll
0x00007ffba3e90000 - 0x00007ffba3ec1000 	C:\Windows\system32\nvinitx.dll
0x00007ffba3e80000 - 0x00007ffba3e8a000 	C:\WINDOWS\SYSTEM32\VERSION.dll
0x000000000f000000 - 0x000000000f006000 	C:\Program Files\NVIDIA Corporation\CoProcManager\_etoured.dll
0x00007ffba3b90000 - 0x00007ffba3bc2000 	C:\Program Files\NVIDIA Corporation\CoProcManager\nvd3d9wrapx.dll
0x00007ffba61c0000 - 0x00007ffba6385000 	C:\WINDOWS\system32\SETUPAPI.dll
0x00007ffba5830000 - 0x00007ffba5874000 	C:\WINDOWS\system32\CFGMGR32.dll
0x00007ffba3b60000 - 0x00007ffba3b82000 	C:\Program Files\NVIDIA Corporation\CoProcManager\nvdxgiwrapx.dll
0x0000000058040000 - 0x0000000058112000 	C:\Program Files\Java\jdk1.8.0_45\jre\bin\msvcr100.dll
0x00000000584c0000 - 0x0000000058d43000 	C:\Program Files\Java\jdk1.8.0_45\jre\bin\server\jvm.dll
0x00007ffba61b0000 - 0x00007ffba61b8000 	C:\WINDOWS\system32\PSAPI.DLL
0x00007ffba3640000 - 0x00007ffba3649000 	C:\WINDOWS\SYSTEM32\WSOCK32.dll
0x00007ffba8a70000 - 0x00007ffba8ad9000 	C:\WINDOWS\system32\WS2_32.dll
0x00007ffba6de0000 - 0x00007ffba6de8000 	C:\WINDOWS\system32\NSI.dll
0x00007ffba3a70000 - 0x00007ffba3a93000 	C:\WINDOWS\SYSTEM32\WINMM.dll
0x00007ffba38f0000 - 0x00007ffba391c000 	C:\WINDOWS\SYSTEM32\WINMMBASE.dll
0x00007ffba3e50000 - 0x00007ffba3e77000 	C:\WINDOWS\SYSTEM32\DEVOBJ.dll
0x00000000584b0000 - 0x00000000584bf000 	C:\Program Files\Java\jdk1.8.0_45\jre\bin\verify.dll
0x0000000058480000 - 0x00000000584a9000 	C:\Program Files\Java\jdk1.8.0_45\jre\bin\java.dll
0x0000000058460000 - 0x0000000058476000 	C:\Program Files\Java\jdk1.8.0_45\jre\bin\zip.dll
0x00007ffba6e50000 - 0x00007ffba8372000 	C:\WINDOWS\system32\SHELL32.dll
0x00007ffba5b80000 - 0x00007ffba61a8000 	C:\WINDOWS\system32\windows.storage.dll
0x00007ffba6810000 - 0x00007ffba6a8c000 	C:\WINDOWS\system32\combase.dll
0x00007ffba6df0000 - 0x00007ffba6e41000 	C:\WINDOWS\system32\shlwapi.dll
0x00007ffba55a0000 - 0x00007ffba55af000 	C:\WINDOWS\system32\kernel.appcore.dll
0x0000000006ed0000 - 0x0000000006f83000 	C:\WINDOWS\system32\shcore.dll
0x00007ffba5550000 - 0x00007ffba559a000 	C:\WINDOWS\system32\powrprof.dll
0x00007ffba5510000 - 0x00007ffba5523000 	C:\WINDOWS\system32\profapi.dll

VM Arguments:
jvm_args: -Djava.awt.headless=true -Xmx1024M -Dfile.encoding=windows-1251 -Duser.country=US -Duser.language=en -Duser.variant 
java_command: com.android.dx.command.Main --dex --num-threads=4 --output C:\Users\Jinjaar-pc\Desktop\JustChat\JustChat\app\build\intermediates\pre-dexed\debug\com.android.support-support-v4-23.1.1_03a6332f2a8eb78bea3d9e2f25a1197c8e413860.jar C:\Users\Jinjaar-pc\Desktop\JustChat\JustChat\app\build\intermediates\exploded-aar\com.android.support\support-v4\23.1.1\jars\classes.jar
java_class_path (initial): C:\Users\Jinjaar-pc\AppData\Local\Android\sdk1\build-tools\23.0.2\lib\dx.jar
Launcher Type: SUN_STANDARD

Environment Variables:
JAVA_HOME=C:\Program Files\Java\jdk1.8.0_45
PATH=C:\ProgramData\Oracle\Java\javapath;F:\app\client\Jinjaar-pc\product\12.1.0\client_1;F:\app\client\Jinjaar-pc\product\12.1.0\client_1\bin;C:\oraclexe\app\oracle\product\11.2.0\server\bin;C:\Windows\system32;C:\Windows;C:\Windows\System32\Wbem;C:\Windows\System32\WindowsPowerShell\v1.0\;C:\Program Files (x86)\NVIDIA Corporation\PhysX\Common;C:\Program Files (x86)\Git\cmd;C:\Program Files\Microsoft OLE DB Provider for DB2\system;C:\Program Files\Microsoft SQL Server\Client SDK\ODBC\110\Tools\Binn\;C:\Program Files (x86)\Microsoft SQL Server\120\Tools\Binn\;C:\Program Files\Microsoft SQL Server\120\Tools\Binn\;C:\Program Files\Microsoft SQL Server\120\DTS\Binn\;C:\Program Files (x86)\Microsoft SQL Server\120\Tools\Binn\ManagementStudio\;C:\Program Files (x86)\Microsoft SQL Server\120\DTS\Binn\;C:\Program Files\Microsoft SQL Server\110\Tools\Binn\;C:\Program Files\MySQL\MySQL Enterprise Backup 3.12\;C:\Program Files (x86)\MySQL\MySQL Fabric 1.5.4 & MySQL Utilities 1.5.4 1.5\;C:\Program Files (x86)\MySQL\MySQL Fabric 1.5.4 & MySQL Utilities 1.5.4 1.5\Doctrine extensions for PHP\;C:\Program Files (x86)\Windows Kits\8.1\Windows Performance Toolkit\;C:\WINDOWS\system32;C:\WINDOWS;C:\WINDOWS\System32\Wbem;C:\WINDOWS\System32\WindowsPowerShell\v1.0\;C:\Program Files\Microsoft\Web Platform Installer\;C:\tools\python;C:\Program Files (x86)\Skype\Phone\;C:\Program Files (x86)\nodejs\;C:\Program Files\Java\jdk1.8.0_45\bin;C:\Program Files\apache-maven-3.3.9\bin;C:\Users\Jinjaar-pc\.dnx\bin;C:\Users\Jinjaar-pc\AppData\Local\atom\bin;C:\Program Files\MongoDB\Server\3.0\bin;C:\ProgramData\chocolatey\bin;C:\Users\Jinjaar-pc\AppData\Roaming\npm
USERNAME=Jinjaar-pc
OS=Windows_NT
PROCESSOR_IDENTIFIER=Intel64 Family 6 Model 60 Stepping 3, GenuineIntel



---------------  S Y S T E M  ---------------

OS: Windows 10.0 , 64 bit Build 10240 (10.0.10240.16384)

CPU:total 4 (2 cores per cpu, 2 threads per core) family 6 model 60 stepping 3, cmov, cx8, fxsr, mmx, sse, sse2, sse3, ssse3, sse4.1, sse4.2, popcnt, avx, avx2, aes, clmul, erms, lzcnt, ht, tsc, tscinvbit, bmi1, bmi2

Memory: 4k page, physical 8284056k(320708k free), swap 14538416k(4116k free)

vm_info: Java HotSpot(TM) 64-Bit Server VM (25.45-b02) for windows-amd64 JRE (1.8.0_45-b15), built on Apr 30 2015 12:40:44 by "java_re" with MS VC++ 10.0 (VS2010)

time: Sat Jan 30 16:21:42 2016
elapsed time: 15 seconds (0d 0h 0m 15s)

